<?xml version="1.0" encoding="UTF-8"?>
<robot generator="Robot 7.4.2 (Python 3.14.3 on win32)" generated="2026-04-07T12:34:07.169683" rpa="false" schemaversion="5">
<suite id="s1" name="Test Employee" source="C:\Users\shivangi.sahu\PycharmProjects\PythonProject\TaskSuma\API_Automation\TestCases\test_employee.robot">
<test id="s1-t1" name="Verify Get All Users" line="5">
<kw name="Init API Session" owner="EmployeeAPI">
<kw name="Create Session" owner="RequestsLibrary">
<msg time="2026-04-07T12:34:07.527125" level="INFO">Creating Session using : alias=api, url=http://jsonplaceholder.typicode.com, headers={},                     cookies={}, auth=None, timeout=None, proxies=None, verify=False,                     debug=0 </msg>
<arg>${session_name}</arg>
<arg>${BASE_URL}</arg>
<doc>Create Session: create a HTTP session to a server</doc>
<status status="PASS" start="2026-04-07T12:34:07.526957" elapsed="0.000349"/>
</kw>
<status status="PASS" start="2026-04-07T12:34:07.526471" elapsed="0.000913"/>
</kw>
<kw name="Get All Users" owner="EmployeeAPI">
<kw name="GET On Session" owner="RequestsLibrary">
<msg time="2026-04-07T12:34:08.083904" level="INFO">GET Request : url=http://jsonplaceholder.typicode.com/users 
 path_url=/users 
 headers={'User-Agent': 'python-requests/2.33.1', 'Accept-Encoding': 'gzip, deflate, zstd', 'Accept': '*/*', 'Connection': 'keep-alive'} 
 body=None 
 </msg>
<msg time="2026-04-07T12:34:08.084066" level="INFO">GET Response : url=http://jsonplaceholder.typicode.com/users 
 status=200, reason=OK 
 headers={'Date': 'Tue, 07 Apr 2026 07:04:08 GMT', 'Content-Type': 'application/json; charset=utf-8', 'Content-Length': '1847', 'Connection': 'keep-alive', 'Access-Control-Allow-Credentials': 'true', 'Cache-Control': 'max-age=43200', 'Content-Encoding': 'gzip', 'Etag': 'W/"160d-1eMSsxeJRfnVLRBmYJSbCiJZ1qQ"', 'Expires': '-1', 'Nel': '{"report_to":"heroku-nel","response_headers":["Via"],"max_age":3600,"success_fraction":0.01,"failure_fraction":0.1}', 'Pragma': 'no-cache', 'Report-To': '{"group":"heroku-nel","endpoints":[{"url":"https://nel.heroku.com/reports?s=CbnIKFfe1L3hHJRhvFtfmwvl47H%2Bz7iJQRLlfKgb0FU%3D\\u0026sid=e11707d5-02a7-43ef-b45e-2cf4d2036f7d\\u0026ts=1775545447"}],"max_age":3600}', 'Reporting-Endpoints': 'heroku-nel="https://nel.heroku.com/reports?s=CbnIKFfe1L3hHJRhvFtfmwvl47H%2Bz7iJQRLlfKgb0FU%3D&amp;sid=e11707d5-02a7-43ef-b45e-2cf4d2036f7d&amp;ts=1775545447"', 'Server': 'cloudflare', 'Vary': 'Origin, Accept-Encoding', 'Via': '1.1 heroku-router', 'X-Content-Type-Options': 'nosniff', 'X-Powered-By': 'Express', 'X-Ratelimit-Limit': '1000', 'X-Ratelimit-Remaining': '996', 'X-Ratelimit-Reset': '1775545449', 'Accept-Ranges': 'bytes', 'cf-cache-status': 'MISS', 'CF-RAY': '9e872d279e8d857b-BOM', 'alt-svc': 'h3=":443"; ma=86400'} 
 body=[
  {
    "id": 1,
    "name": "Leanne Graham",
    "username": "Bret",
    "email": "Sincere@april.biz",
    "address": {
      "street": "Kulas Light",
      "suite": "Apt. 556",
      "city": "Gwenborough",
      "zipcode": "92998-3874",
      "geo": {
        "lat": "-37.3159",
        "lng": "81.1496"
      }
    },
    "phone": "1-770-736-8031 x56442",
    "website": "hildegard.org",
    "company": {
      "name": "Romaguera-Crona",
      "catchPhrase": "Multi-layered client-server neural-net",
      "bs": "harness real-time e-markets"
    }
  },
  {
    "id": 2,
    "name": "Ervin Howell",
    "username": "Antonette",
    "email": "Shanna@melissa.tv",
    "address": {
      "street": "Victor Plains",
      "suite": "Suite 879",
      "city": "Wisokyburgh",
      "zipcode": "90566-7771",
      "geo": {
        "lat": "-43.9509",
        "lng": "-34.4618"
      }
    },
    "phone": "010-692-6593 x09125",
    "website": "anastasia.net",
    "company": {
      "name": "Deckow-Crist",
      "catchPhrase": "Proactive didactic contingency",
      "bs": "synergize scalable supply-chains"
    }
  },
  {
    "id": 3,
    "name": "Clementine Bauch",
    "username": "Samantha",
    "email": "Nathan@yesenia.net",
    "address": {
      "street": "Douglas Extension",
      "suite": "Suite 847",
      "city": "McKenziehaven",
      "zipcode": "59590-4157",
      "geo": {
        "lat": "-68.6102",
        "lng": "-47.0653"
      }
    },
    "phone": "1-463-123-4447",
    "website": "ramiro.info",
    "company": {
      "name": "Romaguera-Jacobson",
      "catchPhrase": "Face to face bifurcated interface",
      "bs": "e-enable strategic applications"
    }
  },
  {
    "id": 4,
    "name": "Patricia Lebsack",
    "username": "Karianne",
    "email": "Julianne.OConner@kory.org",
    "address": {
      "street": "Hoeger Mall",
      "suite": "Apt. 692",
      "city": "South Elvis",
      "zipcode": "53919-4257",
      "geo": {
        "lat": "29.4572",
        "lng": "-164.2990"
      }
    },
    "phone": "493-170-9623 x156",
    "website": "kale.biz",
    "company": {
      "name": "Robel-Corkery",
      "catchPhrase": "Multi-tiered zero tolerance productivity",
      "bs": "transition cutting-edge web services"
    }
  },
  {
    "id": 5,
    "name": "Chelsey Dietrich",
    "username": "Kamren",
    "email": "Lucio_Hettinger@annie.ca",
    "address": {
      "street": "Skiles Walks",
      "suite": "Suite 351",
      "city": "Roscoeview",
      "zipcode": "33263",
      "geo": {
        "lat": "-31.8129",
        "lng": "62.5342"
      }
    },
    "phone": "(254)954-1289",
    "website": "demarco.info",
    "company": {
      "name": "Keebler LLC",
      "catchPhrase": "User-centric fault-tolerant solution",
      "bs": "revolutionize end-to-end systems"
    }
  },
  {
    "id": 6,
    "name": "Mrs. Dennis Schulist",
    "username": "Leopoldo_Corkery",
    "email": "Karley_Dach@jasper.info",
    "address": {
      "street": "Norberto Crossing",
      "suite": "Apt. 950",
      "city": "South Christy",
      "zipcode": "23505-1337",
      "geo": {
        "lat": "-71.4197",
        "lng": "71.7478"
      }
    },
    "phone": "1-477-935-8478 x6430",
    "website": "ola.org",
    "company": {
      "name": "Considine-Lockman",
      "catchPhrase": "Synchronised bottom-line interface",
      "bs": "e-enable innovative applications"
    }
  },
  {
    "id": 7,
    "name": "Kurtis Weissnat",
    "username": "Elwyn.Skiles",
    "email": "Telly.Hoeger@billy.biz",
    "address": {
      "street": "Rex Trail",
      "suite": "Suite 280",
      "city": "Howemouth",
      "zipcode": "58804-1099",
      "geo": {
        "lat": "24.8918",
        "lng": "21.8984"
      }
    },
    "phone": "210.067.6132",
    "website": "elvis.io",
    "company": {
      "name": "Johns Group",
      "catchPhrase": "Configurable multimedia task-force",
      "bs": "generate enterprise e-tailers"
    }
  },
  {
    "id": 8,
    "name": "Nicholas Runolfsdottir V",
    "username": "Maxime_Nienow",
    "email": "Sherwood@rosamond.me",
    "address": {
      "street": "Ellsworth Summit",
      "suite": "Suite 729",
      "city": "Aliyaview",
      "zipcode": "45169",
      "geo": {
        "lat": "-14.3990",
        "lng": "-120.7677"
      }
    },
    "phone": "586.493.6943 x140",
    "website": "jacynthe.com",
    "company": {
      "name": "Abernathy Group",
      "catchPhrase": "Implemented secondary concept",
      "bs": "e-enable extensible e-tailers"
    }
  },
  {
    "id": 9,
    "name": "Glenna Reichert",
    "username": "Delphine",
    "email": "Chaim_McDermott@dana.io",
    "address": {
      "street": "Dayna Park",
      "suite": "Suite 449",
      "city": "Bartholomebury",
      "zipcode": "76495-3109",
      "geo": {
        "lat": "24.6463",
        "lng": "-168.8889"
      }
    },
    "phone": "(775)976-6794 x41206",
    "website": "conrad.com",
    "company": {
      "name": "Yost and Sons",
      "catchPhrase": "Switchable contextually-based project",
      "bs": "aggregate real-time technologies"
    }
  },
  {
    "id": 10,
    "name": "Clementina DuBuque",
    "username": "Moriah.Stanton",
    "email": "Rey.Padberg@karina.biz",
    "address": {
      "street": "Kattie Turnpike",
      "suite": "Suite 198",
      "city": "Lebsackbury",
      "zipcode": "31428-2261",
      "geo": {
        "lat": "-38.2386",
        "lng": "57.2232"
      }
    },
    "phone": "024-648-3804",
    "website": "ambrose.net",
    "company": {
      "name": "Hoeger LLC",
      "catchPhrase": "Centralized empowering task-force",
      "bs": "target end-to-end models"
    }
  }
] 
 </msg>
<msg time="2026-04-07T12:34:08.084267" level="INFO">${response} = &lt;Response [200]&gt;</msg>
<var>${response}</var>
<arg>${session_name}</arg>
<arg>${ENDPOINT_ALL}</arg>
<doc>Sends a GET request on a previously created HTTP Session.</doc>
<status status="PASS" start="2026-04-07T12:34:07.528042" elapsed="0.556250"/>
</kw>
<return>
<value>${response}</value>
<status status="PASS" start="2026-04-07T12:34:08.084365" elapsed="0.000082"/>
</return>
<msg time="2026-04-07T12:34:08.084590" level="INFO">${response} = &lt;Response [200]&gt;</msg>
<var>${response}</var>
<status status="PASS" start="2026-04-07T12:34:07.527834" elapsed="0.556780"/>
</kw>
<kw name="Should Be Equal As Integers" owner="BuiltIn">
<msg time="2026-04-07T12:34:08.085629" level="INFO">Argument types are:
&lt;class 'int'&gt;
&lt;class 'str'&gt;</msg>
<arg>${response.status_code}</arg>
<arg>200</arg>
<doc>Fails if objects are unequal after converting them to integers.</doc>
<status status="PASS" start="2026-04-07T12:34:08.084959" elapsed="0.000734"/>
</kw>
<kw name="Log" owner="BuiltIn">
<msg time="2026-04-07T12:34:08.086734" level="INFO">[{'id': 1, 'name': 'Leanne Graham', 'username': 'Bret', 'email': 'Sincere@april.biz', 'address': {'street': 'Kulas Light', 'suite': 'Apt. 556', 'city': 'Gwenborough', 'zipcode': '92998-3874', 'geo': {'lat': '-37.3159', 'lng': '81.1496'}}, 'phone': '1-770-736-8031 x56442', 'website': 'hildegard.org', 'company': {'name': 'Romaguera-Crona', 'catchPhrase': 'Multi-layered client-server neural-net', 'bs': 'harness real-time e-markets'}}, {'id': 2, 'name': 'Ervin Howell', 'username': 'Antonette', 'email': 'Shanna@melissa.tv', 'address': {'street': 'Victor Plains', 'suite': 'Suite 879', 'city': 'Wisokyburgh', 'zipcode': '90566-7771', 'geo': {'lat': '-43.9509', 'lng': '-34.4618'}}, 'phone': '010-692-6593 x09125', 'website': 'anastasia.net', 'company': {'name': 'Deckow-Crist', 'catchPhrase': 'Proactive didactic contingency', 'bs': 'synergize scalable supply-chains'}}, {'id': 3, 'name': 'Clementine Bauch', 'username': 'Samantha', 'email': 'Nathan@yesenia.net', 'address': {'street': 'Douglas Extension', 'suite': 'Suite 847', 'city': 'McKenziehaven', 'zipcode': '59590-4157', 'geo': {'lat': '-68.6102', 'lng': '-47.0653'}}, 'phone': '1-463-123-4447', 'website': 'ramiro.info', 'company': {'name': 'Romaguera-Jacobson', 'catchPhrase': 'Face to face bifurcated interface', 'bs': 'e-enable strategic applications'}}, {'id': 4, 'name': 'Patricia Lebsack', 'username': 'Karianne', 'email': 'Julianne.OConner@kory.org', 'address': {'street': 'Hoeger Mall', 'suite': 'Apt. 692', 'city': 'South Elvis', 'zipcode': '53919-4257', 'geo': {'lat': '29.4572', 'lng': '-164.2990'}}, 'phone': '493-170-9623 x156', 'website': 'kale.biz', 'company': {'name': 'Robel-Corkery', 'catchPhrase': 'Multi-tiered zero tolerance productivity', 'bs': 'transition cutting-edge web services'}}, {'id': 5, 'name': 'Chelsey Dietrich', 'username': 'Kamren', 'email': 'Lucio_Hettinger@annie.ca', 'address': {'street': 'Skiles Walks', 'suite': 'Suite 351', 'city': 'Roscoeview', 'zipcode': '33263', 'geo': {'lat': '-31.8129', 'lng': '62.5342'}}, 'phone': '(254)954-1289', 'website': 'demarco.info', 'company': {'name': 'Keebler LLC', 'catchPhrase': 'User-centric fault-tolerant solution', 'bs': 'revolutionize end-to-end systems'}}, {'id': 6, 'name': 'Mrs. Dennis Schulist', 'username': 'Leopoldo_Corkery', 'email': 'Karley_Dach@jasper.info', 'address': {'street': 'Norberto Crossing', 'suite': 'Apt. 950', 'city': 'South Christy', 'zipcode': '23505-1337', 'geo': {'lat': '-71.4197', 'lng': '71.7478'}}, 'phone': '1-477-935-8478 x6430', 'website': 'ola.org', 'company': {'name': 'Considine-Lockman', 'catchPhrase': 'Synchronised bottom-line interface', 'bs': 'e-enable innovative applications'}}, {'id': 7, 'name': 'Kurtis Weissnat', 'username': 'Elwyn.Skiles', 'email': 'Telly.Hoeger@billy.biz', 'address': {'street': 'Rex Trail', 'suite': 'Suite 280', 'city': 'Howemouth', 'zipcode': '58804-1099', 'geo': {'lat': '24.8918', 'lng': '21.8984'}}, 'phone': '210.067.6132', 'website': 'elvis.io', 'company': {'name': 'Johns Group', 'catchPhrase': 'Configurable multimedia task-force', 'bs': 'generate enterprise e-tailers'}}, {'id': 8, 'name': 'Nicholas Runolfsdottir V', 'username': 'Maxime_Nienow', 'email': 'Sherwood@rosamond.me', 'address': {'street': 'Ellsworth Summit', 'suite': 'Suite 729', 'city': 'Aliyaview', 'zipcode': '45169', 'geo': {'lat': '-14.3990', 'lng': '-120.7677'}}, 'phone': '586.493.6943 x140', 'website': 'jacynthe.com', 'company': {'name': 'Abernathy Group', 'catchPhrase': 'Implemented secondary concept', 'bs': 'e-enable extensible e-tailers'}}, {'id': 9, 'name': 'Glenna Reichert', 'username': 'Delphine', 'email': 'Chaim_McDermott@dana.io', 'address': {'street': 'Dayna Park', 'suite': 'Suite 449', 'city': 'Bartholomebury', 'zipcode': '76495-3109', 'geo': {'lat': '24.6463', 'lng': '-168.8889'}}, 'phone': '(775)976-6794 x41206', 'website': 'conrad.com', 'company': {'name': 'Yost and Sons', 'catchPhrase': 'Switchable contextually-based project', 'bs': 'aggregate real-time technologies'}}, {'id': 10, 'name': 'Clementina DuBuque', 'username': 'Moriah.Stanton', 'email': 'Rey.Padberg@karina.biz', 'address': {'street': 'Kattie Turnpike', 'suite': 'Suite 198', 'city': 'Lebsackbury', 'zipcode': '31428-2261', 'geo': {'lat': '-38.2386', 'lng': '57.2232'}}, 'phone': '024-648-3804', 'website': 'ambrose.net', 'company': {'name': 'Hoeger LLC', 'catchPhrase': 'Centralized empowering task-force', 'bs': 'target end-to-end models'}}]</msg>
<arg>${response.json()}</arg>
<doc>Logs the given message with the given level.</doc>
<status status="PASS" start="2026-04-07T12:34:08.086135" elapsed="0.000661"/>
</kw>
<status status="PASS" start="2026-04-07T12:34:07.525590" elapsed="0.561538"/>
</test>
<test id="s1-t2" name="Verify Get User By ID" line="11">
<kw name="Init API Session" owner="EmployeeAPI">
<kw name="Create Session" owner="RequestsLibrary">
<msg time="2026-04-07T12:34:08.088777" level="INFO">Creating Session using : alias=api, url=http://jsonplaceholder.typicode.com, headers={},                     cookies={}, auth=None, timeout=None, proxies=None, verify=False,                     debug=0 </msg>
<arg>${session_name}</arg>
<arg>${BASE_URL}</arg>
<doc>Create Session: create a HTTP session to a server</doc>
<status status="PASS" start="2026-04-07T12:34:08.088631" elapsed="0.000277"/>
</kw>
<status status="PASS" start="2026-04-07T12:34:08.088420" elapsed="0.000540"/>
</kw>
<kw name="Get User By ID" owner="EmployeeAPI">
<kw name="GET On Session" owner="RequestsLibrary">
<msg time="2026-04-07T12:34:08.684437" level="INFO">GET Request : url=http://jsonplaceholder.typicode.com/users/1 
 path_url=/users/1 
 headers={'User-Agent': 'python-requests/2.33.1', 'Accept-Encoding': 'gzip, deflate, zstd', 'Accept': '*/*', 'Connection': 'keep-alive'} 
 body=None 
 </msg>
<msg time="2026-04-07T12:34:08.684612" level="INFO">GET Response : url=http://jsonplaceholder.typicode.com/users/1 
 status=200, reason=OK 
 headers={'Date': 'Tue, 07 Apr 2026 07:04:08 GMT', 'Content-Type': 'application/json; charset=utf-8', 'Transfer-Encoding': 'chunked', 'Connection': 'keep-alive', 'Access-Control-Allow-Credentials': 'true', 'Cache-Control': 'max-age=43200', 'etag': 'W/"1fd-+2Y3G3w049iSZtw5t1mzSnunngE"', 'expires': '-1', 'Nel': '{"report_to":"heroku-nel","response_headers":["Via"],"max_age":3600,"success_fraction":0.01,"failure_fraction":0.1}', 'Pragma': 'no-cache', 'Report-To': '{"group":"heroku-nel","endpoints":[{"url":"https://nel.heroku.com/reports?s=Pf5ywd9LMwO6nJNxx2yWlvRuXRLBQFjlXtoWS9XluWg%3D\\u0026sid=e11707d5-02a7-43ef-b45e-2cf4d2036f7d\\u0026ts=1774901359"}],"max_age":3600}', 'Reporting-Endpoints': 'heroku-nel="https://nel.heroku.com/reports?s=Pf5ywd9LMwO6nJNxx2yWlvRuXRLBQFjlXtoWS9XluWg%3D&amp;sid=e11707d5-02a7-43ef-b45e-2cf4d2036f7d&amp;ts=1774901359"', 'Server': 'cloudflare', 'Vary': 'Origin, Accept-Encoding', 'Via': '1.1 heroku-router', 'X-Content-Type-Options': 'nosniff', 'X-Powered-By': 'Express', 'X-Ratelimit-Limit': '1000', 'X-Ratelimit-Remaining': '996', 'X-Ratelimit-Reset': '1774901393', 'cf-cache-status': 'REVALIDATED', 'Content-Encoding': 'zstd', 'CF-RAY': '9e872d2b3cf5c617-BOM', 'alt-svc': 'h3=":443"; ma=86400'} 
 body={
  "id": 1,
  "name": "Leanne Graham",
  "username": "Bret",
  "email": "Sincere@april.biz",
  "address": {
    "street": "Kulas Light",
    "suite": "Apt. 556",
    "city": "Gwenborough",
    "zipcode": "92998-3874",
    "geo": {
      "lat": "-37.3159",
      "lng": "81.1496"
    }
  },
  "phone": "1-770-736-8031 x56442",
  "website": "hildegard.org",
  "company": {
    "name": "Romaguera-Crona",
    "catchPhrase": "Multi-layered client-server neural-net",
    "bs": "harness real-time e-markets"
  }
} 
 </msg>
<msg time="2026-04-07T12:34:08.684846" level="INFO">${response} = &lt;Response [200]&gt;</msg>
<var>${response}</var>
<arg>${session_name}</arg>
<arg>${ENDPOINT_ID}</arg>
<doc>Sends a GET request on a previously created HTTP Session.</doc>
<status status="PASS" start="2026-04-07T12:34:08.089572" elapsed="0.595317"/>
</kw>
<return>
<value>${response}</value>
<status status="PASS" start="2026-04-07T12:34:08.685000" elapsed="0.000082"/>
</return>
<msg time="2026-04-07T12:34:08.685300" level="INFO">${response} = &lt;Response [200]&gt;</msg>
<var>${response}</var>
<status status="PASS" start="2026-04-07T12:34:08.089348" elapsed="0.595992"/>
</kw>
<kw name="Should Be Equal As Integers" owner="BuiltIn">
<msg time="2026-04-07T12:34:08.686899" level="INFO">Argument types are:
&lt;class 'int'&gt;
&lt;class 'str'&gt;</msg>
<arg>${response.status_code}</arg>
<arg>200</arg>
<doc>Fails if objects are unequal after converting them to integers.</doc>
<status status="PASS" start="2026-04-07T12:34:08.685964" elapsed="0.001027"/>
</kw>
<kw name="Log" owner="BuiltIn">
<msg time="2026-04-07T12:34:08.688376" level="INFO">{'id': 1, 'name': 'Leanne Graham', 'username': 'Bret', 'email': 'Sincere@april.biz', 'address': {'street': 'Kulas Light', 'suite': 'Apt. 556', 'city': 'Gwenborough', 'zipcode': '92998-3874', 'geo': {'lat': '-37.3159', 'lng': '81.1496'}}, 'phone': '1-770-736-8031 x56442', 'website': 'hildegard.org', 'company': {'name': 'Romaguera-Crona', 'catchPhrase': 'Multi-layered client-server neural-net', 'bs': 'harness real-time e-markets'}}</msg>
<arg>${response.json()}</arg>
<doc>Logs the given message with the given level.</doc>
<status status="PASS" start="2026-04-07T12:34:08.687575" elapsed="0.000867"/>
</kw>
<status status="PASS" start="2026-04-07T12:34:08.087880" elapsed="0.601039"/>
</test>
<test id="s1-t3" name="Verify Create User" line="16">
<kw name="Init API Session" owner="EmployeeAPI">
<kw name="Create Session" owner="RequestsLibrary">
<msg time="2026-04-07T12:34:08.691367" level="INFO">Creating Session using : alias=api, url=http://jsonplaceholder.typicode.com, headers={},                     cookies={}, auth=None, timeout=None, proxies=None, verify=False,                     debug=0 </msg>
<arg>${session_name}</arg>
<arg>${BASE_URL}</arg>
<doc>Create Session: create a HTTP session to a server</doc>
<status status="PASS" start="2026-04-07T12:34:08.691242" elapsed="0.000246"/>
</kw>
<status status="PASS" start="2026-04-07T12:34:08.690912" elapsed="0.000631"/>
</kw>
<kw name="Create Dictionary" owner="BuiltIn">
<msg time="2026-04-07T12:34:08.692350" level="INFO">${data} = {'name': 'John Doe', 'username': 'johndoe', 'email': 'john@example.com'}</msg>
<var>${data}</var>
<arg>name=John Doe</arg>
<arg>username=johndoe</arg>
<arg>email=john@example.com</arg>
<doc>Creates and returns a dictionary based on the given ``items``.</doc>
<status status="PASS" start="2026-04-07T12:34:08.691932" elapsed="0.000445"/>
</kw>
<kw name="Create User" owner="EmployeeAPI">
<kw name="POST On Session" owner="RequestsLibrary">
<msg time="2026-04-07T12:34:09.277006" level="INFO">POST Request : url=http://jsonplaceholder.typicode.com/users 
 path_url=/users 
 headers={'User-Agent': 'python-requests/2.33.1', 'Accept-Encoding': 'gzip, deflate, zstd', 'Accept': '*/*', 'Connection': 'keep-alive', 'Content-Length': '72', 'Content-Type': 'application/json'} 
 body=b'{"name": "John Doe", "username": "johndoe", "email": "john@example.com"}' 
 </msg>
<msg time="2026-04-07T12:34:09.277095" level="INFO">POST Response : url=http://jsonplaceholder.typicode.com/users 
 status=201, reason=Created 
 headers={'Date': 'Tue, 07 Apr 2026 07:04:09 GMT', 'Content-Type': 'application/json; charset=utf-8', 'Content-Length': '92', 'Connection': 'keep-alive', 'Access-Control-Allow-Credentials': 'true', 'Access-Control-Expose-Headers': 'Location', 'Cache-Control': 'no-cache', 'Etag': 'W/"5c-4pgID3qZHPmVD+O5wzfs0MGP1cU"', 'Expires': '-1', 'Location': 'http://jsonplaceholder.typicode.com/users/11', 'Nel': '{"report_to":"heroku-nel","response_headers":["Via"],"max_age":3600,"success_fraction":0.01,"failure_fraction":0.1}', 'Pragma': 'no-cache', 'Report-To': '{"group":"heroku-nel","endpoints":[{"url":"https://nel.heroku.com/reports?s=RelJ5yKzD7KzNjMxuIRc1%2BkOOggLMf9%2BdpjybQccTIw%3D\\u0026sid=e11707d5-02a7-43ef-b45e-2cf4d2036f7d\\u0026ts=1775545449"}],"max_age":3600}', 'Reporting-Endpoints': 'heroku-nel="https://nel.heroku.com/reports?s=RelJ5yKzD7KzNjMxuIRc1%2BkOOggLMf9%2BdpjybQccTIw%3D&amp;sid=e11707d5-02a7-43ef-b45e-2cf4d2036f7d&amp;ts=1775545449"', 'Server': 'cloudflare', 'Vary': 'Origin, X-HTTP-Method-Override, Accept-Encoding', 'Via': '1.1 heroku-router', 'X-Content-Type-Options': 'nosniff', 'X-Powered-By': 'Express', 'X-Ratelimit-Limit': '1000', 'X-Ratelimit-Remaining': '999', 'X-Ratelimit-Reset': '1775545509', 'cf-cache-status': 'DYNAMIC', 'CF-RAY': '9e872d2eea8ff3bc-BOM', 'alt-svc': 'h3=":443"; ma=86400'} 
 body={
  "name": "John Doe",
  "username": "johndoe",
  "email": "john@example.com",
  "id": 11
} 
 </msg>
<msg time="2026-04-07T12:34:09.277198" level="INFO">${response} = &lt;Response [201]&gt;</msg>
<var>${response}</var>
<arg>${session_name}</arg>
<arg>${ENDPOINT_ALL}</arg>
<arg>json=${data}</arg>
<doc>Sends a POST request on a previously created HTTP Session.</doc>
<status status="PASS" start="2026-04-07T12:34:08.693056" elapsed="0.584160"/>
</kw>
<return>
<value>${response}</value>
<status status="PASS" start="2026-04-07T12:34:09.277276" elapsed="0.000034"/>
</return>
<msg time="2026-04-07T12:34:09.277405" level="INFO">${response} = &lt;Response [201]&gt;</msg>
<var>${response}</var>
<arg>${data}</arg>
<status status="PASS" start="2026-04-07T12:34:08.692808" elapsed="0.584644"/>
</kw>
<kw name="Should Be Equal As Integers" owner="BuiltIn">
<msg time="2026-04-07T12:34:09.278541" level="INFO">Argument types are:
&lt;class 'int'&gt;
&lt;class 'str'&gt;</msg>
<arg>${response.status_code}</arg>
<arg>201</arg>
<doc>Fails if objects are unequal after converting them to integers.</doc>
<status status="PASS" start="2026-04-07T12:34:09.277973" elapsed="0.000619"/>
</kw>
<kw name="Log" owner="BuiltIn">
<msg time="2026-04-07T12:34:09.279394" level="INFO">{'name': 'John Doe', 'username': 'johndoe', 'email': 'john@example.com', 'id': 11}</msg>
<arg>${response.json()}</arg>
<doc>Logs the given message with the given level.</doc>
<status status="PASS" start="2026-04-07T12:34:09.278937" elapsed="0.000493"/>
</kw>
<status status="PASS" start="2026-04-07T12:34:08.690169" elapsed="0.589578"/>
</test>
<test id="s1-t4" name="Verify Update User" line="22">
<kw name="Init API Session" owner="EmployeeAPI">
<kw name="Create Session" owner="RequestsLibrary">
<msg time="2026-04-07T12:34:09.281474" level="INFO">Creating Session using : alias=api, url=http://jsonplaceholder.typicode.com, headers={},                     cookies={}, auth=None, timeout=None, proxies=None, verify=False,                     debug=0 </msg>
<arg>${session_name}</arg>
<arg>${BASE_URL}</arg>
<doc>Create Session: create a HTTP session to a server</doc>
<status status="PASS" start="2026-04-07T12:34:09.281340" elapsed="0.000267"/>
</kw>
<status status="PASS" start="2026-04-07T12:34:09.281077" elapsed="0.000588"/>
</kw>
<kw name="Create Dictionary" owner="BuiltIn">
<msg time="2026-04-07T12:34:09.282300" level="INFO">${data} = {'name': 'Jane Doe', 'username': 'janedoe', 'email': 'jane@example.com'}</msg>
<var>${data}</var>
<arg>name=Jane Doe</arg>
<arg>username=janedoe</arg>
<arg>email=jane@example.com</arg>
<doc>Creates and returns a dictionary based on the given ``items``.</doc>
<status status="PASS" start="2026-04-07T12:34:09.281920" elapsed="0.000404"/>
</kw>
<kw name="Update User" owner="EmployeeAPI">
<kw name="PUT On Session" owner="RequestsLibrary">
<msg time="2026-04-07T12:34:09.611875" level="INFO">PUT Request : url=http://jsonplaceholder.typicode.com/users/1 
 path_url=/users/1 
 headers={'User-Agent': 'python-requests/2.33.1', 'Accept-Encoding': 'gzip, deflate, zstd', 'Accept': '*/*', 'Connection': 'keep-alive', 'Content-Length': '72', 'Content-Type': 'application/json'} 
 body=b'{"name": "Jane Doe", "username": "janedoe", "email": "jane@example.com"}' 
 </msg>
<msg time="2026-04-07T12:34:09.612108" level="INFO">PUT Response : url=http://jsonplaceholder.typicode.com/users/1 
 status=200, reason=OK 
 headers={'Date': 'Tue, 07 Apr 2026 07:04:09 GMT', 'Content-Type': 'application/json; charset=utf-8', 'Transfer-Encoding': 'chunked', 'Connection': 'keep-alive', 'Access-Control-Allow-Credentials': 'true', 'Cache-Control': 'no-cache', 'Etag': 'W/"5b-EiFoPKM368O8BLZngNsg7uJrC3E"', 'Expires': '-1', 'Nel': '{"report_to":"heroku-nel","response_headers":["Via"],"max_age":3600,"success_fraction":0.01,"failure_fraction":0.1}', 'Pragma': 'no-cache', 'Report-To': '{"group":"heroku-nel","endpoints":[{"url":"https://nel.heroku.com/reports?s=RelJ5yKzD7KzNjMxuIRc1%2BkOOggLMf9%2BdpjybQccTIw%3D\\u0026sid=e11707d5-02a7-43ef-b45e-2cf4d2036f7d\\u0026ts=1775545449"}],"max_age":3600}', 'Reporting-Endpoints': 'heroku-nel="https://nel.heroku.com/reports?s=RelJ5yKzD7KzNjMxuIRc1%2BkOOggLMf9%2BdpjybQccTIw%3D&amp;sid=e11707d5-02a7-43ef-b45e-2cf4d2036f7d&amp;ts=1775545449"', 'Server': 'cloudflare', 'Vary': 'Origin, Accept-Encoding', 'Via': '1.1 heroku-router', 'X-Content-Type-Options': 'nosniff', 'X-Powered-By': 'Express', 'X-Ratelimit-Limit': '1000', 'X-Ratelimit-Remaining': '998', 'X-Ratelimit-Reset': '1775545509', 'cf-cache-status': 'DYNAMIC', 'Content-Encoding': 'zstd', 'CF-RAY': '9e872d327945bd55-BOM', 'alt-svc': 'h3=":443"; ma=86400'} 
 body={
  "name": "Jane Doe",
  "username": "janedoe",
  "email": "jane@example.com",
  "id": 1
} 
 </msg>
<msg time="2026-04-07T12:34:09.612411" level="INFO">${response} = &lt;Response [200]&gt;</msg>
<var>${response}</var>
<arg>${session_name}</arg>
<arg>/users/${user_id}</arg>
<arg>json=${data}</arg>
<doc>Sends a PUT request on a previously created HTTP Session.</doc>
<status status="PASS" start="2026-04-07T12:34:09.283090" elapsed="0.329377"/>
</kw>
<return>
<value>${response}</value>
<status status="PASS" start="2026-04-07T12:34:09.612606" elapsed="0.000072"/>
</return>
<msg time="2026-04-07T12:34:09.612933" level="INFO">${response} = &lt;Response [200]&gt;</msg>
<var>${response}</var>
<arg>${data}</arg>
<arg>1</arg>
<status status="PASS" start="2026-04-07T12:34:09.282725" elapsed="0.330257"/>
</kw>
<kw name="Should Be Equal As Integers" owner="BuiltIn">
<msg time="2026-04-07T12:34:09.615060" level="INFO">Argument types are:
&lt;class 'int'&gt;
&lt;class 'str'&gt;</msg>
<arg>${response.status_code}</arg>
<arg>200</arg>
<doc>Fails if objects are unequal after converting them to integers.</doc>
<status status="PASS" start="2026-04-07T12:34:09.613756" elapsed="0.001433"/>
</kw>
<kw name="Log" owner="BuiltIn">
<msg time="2026-04-07T12:34:09.616957" level="INFO">{'name': 'Jane Doe', 'username': 'janedoe', 'email': 'jane@example.com', 'id': 1}</msg>
<arg>${response.json()}</arg>
<doc>Logs the given message with the given level.</doc>
<status status="PASS" start="2026-04-07T12:34:09.615907" elapsed="0.001085"/>
</kw>
<status status="PASS" start="2026-04-07T12:34:09.280383" elapsed="0.336942"/>
</test>
<test id="s1-t5" name="Verify Delete User" line="28">
<kw name="Init API Session" owner="EmployeeAPI">
<kw name="Create Session" owner="RequestsLibrary">
<msg time="2026-04-07T12:34:09.619233" level="INFO">Creating Session using : alias=api, url=http://jsonplaceholder.typicode.com, headers={},                     cookies={}, auth=None, timeout=None, proxies=None, verify=False,                     debug=0 </msg>
<arg>${session_name}</arg>
<arg>${BASE_URL}</arg>
<doc>Create Session: create a HTTP session to a server</doc>
<status status="PASS" start="2026-04-07T12:34:09.619126" elapsed="0.000215"/>
</kw>
<status status="PASS" start="2026-04-07T12:34:09.618919" elapsed="0.000485"/>
</kw>
<kw name="Delete User" owner="EmployeeAPI">
<kw name="DELETE On Session" owner="RequestsLibrary">
<msg time="2026-04-07T12:34:10.305853" level="INFO">DELETE Request : url=http://jsonplaceholder.typicode.com/users/1 
 path_url=/users/1 
 headers={'User-Agent': 'python-requests/2.33.1', 'Accept-Encoding': 'gzip, deflate, zstd', 'Accept': '*/*', 'Connection': 'keep-alive', 'Content-Length': '0'} 
 body=None 
 </msg>
<msg time="2026-04-07T12:34:10.306036" level="INFO">DELETE Response : url=http://jsonplaceholder.typicode.com/users/1 
 status=200, reason=OK 
 headers={'Date': 'Tue, 07 Apr 2026 07:04:10 GMT', 'Content-Type': 'application/json; charset=utf-8', 'Content-Length': '2', 'Connection': 'keep-alive', 'Access-Control-Allow-Credentials': 'true', 'Cache-Control': 'no-cache', 'Etag': 'W/"2-vyGp6PvFo4RvsFtPoIWeCReyIC8"', 'Expires': '-1', 'Nel': '{"report_to":"heroku-nel","response_headers":["Via"],"max_age":3600,"success_fraction":0.01,"failure_fraction":0.1}', 'Pragma': 'no-cache', 'Report-To': '{"group":"heroku-nel","endpoints":[{"url":"https://nel.heroku.com/reports?s=RelJ5yKzD7KzNjMxuIRc1%2BkOOggLMf9%2BdpjybQccTIw%3D\\u0026sid=e11707d5-02a7-43ef-b45e-2cf4d2036f7d\\u0026ts=1775545449"}],"max_age":3600}', 'Reporting-Endpoints': 'heroku-nel="https://nel.heroku.com/reports?s=RelJ5yKzD7KzNjMxuIRc1%2BkOOggLMf9%2BdpjybQccTIw%3D&amp;sid=e11707d5-02a7-43ef-b45e-2cf4d2036f7d&amp;ts=1775545449"', 'Server': 'cloudflare', 'Vary': 'Origin, Accept-Encoding', 'Via': '1.1 heroku-router', 'X-Content-Type-Options': 'nosniff', 'X-Powered-By': 'Express', 'X-Ratelimit-Limit': '1000', 'X-Ratelimit-Remaining': '997', 'X-Ratelimit-Reset': '1775545509', 'cf-cache-status': 'DYNAMIC', 'CF-RAY': '9e872d346c8b84d1-BOM', 'alt-svc': 'h3=":443"; ma=86400'} 
 body={} 
 </msg>
<msg time="2026-04-07T12:34:10.306268" level="INFO">${response} = &lt;Response [200]&gt;</msg>
<var>${response}</var>
<arg>${session_name}</arg>
<arg>/users/${user_id}</arg>
<doc>Sends a DELETE request on a previously created HTTP Session.</doc>
<status status="PASS" start="2026-04-07T12:34:09.620183" elapsed="0.686188"/>
</kw>
<return>
<value>${response}</value>
<status status="PASS" start="2026-04-07T12:34:10.306520" elapsed="0.000073"/>
</return>
<msg time="2026-04-07T12:34:10.306842" level="INFO">${response} = &lt;Response [200]&gt;</msg>
<var>${response}</var>
<arg>1</arg>
<status status="PASS" start="2026-04-07T12:34:09.619878" elapsed="0.687009"/>
</kw>
<kw name="Should Be Equal As Integers" owner="BuiltIn">
<msg time="2026-04-07T12:34:10.308864" level="INFO">Argument types are:
&lt;class 'int'&gt;
&lt;class 'str'&gt;</msg>
<arg>${response.status_code}</arg>
<arg>200</arg>
<doc>Fails if objects are unequal after converting them to integers.</doc>
<status status="PASS" start="2026-04-07T12:34:10.307642" elapsed="0.001345"/>
</kw>
<kw name="Log" owner="BuiltIn">
<msg time="2026-04-07T12:34:10.310149" level="INFO">{}</msg>
<arg>${response.json()}</arg>
<doc>Logs the given message with the given level.</doc>
<status status="PASS" start="2026-04-07T12:34:10.309675" elapsed="0.000522"/>
</kw>
<status status="PASS" start="2026-04-07T12:34:09.618358" elapsed="0.692205"/>
</test>
<status status="PASS" start="2026-04-07T12:34:07.172199" elapsed="3.139430"/>
</suite>
<statistics>
<total>
<stat pass="5" fail="0" skip="0">All Tests</stat>
</total>
<tag>
</tag>
<suite>
<stat name="Test Employee" id="s1" pass="5" fail="0" skip="0">Test Employee</stat>
</suite>
</statistics>
<errors>
</errors>
</robot>
