<?xml version="1.0" encoding="UTF-8"?>
<robot generator="Robot 7.4.2 (Python 3.14.3 on win32)" generated="2026-04-09T12:50:35.871219" rpa="false" schemaversion="5">
<suite id="s1" name="Test Employee" source="C:\Users\shivangi.sahu\PycharmProjects\PythonProject\TaskSuma\API_Automation\TestCases\test_employee.robot">
<test id="s1-t1" name="Verify Get All Users" line="5">
<kw name="Init API Session" owner="EmployeeAPI">
<kw name="Create Session" owner="RequestsLibrary">
<msg time="2026-04-09T12:50:36.307553" level="INFO">Creating Session using : alias=api, url=http://jsonplaceholder.typicode.com, headers={},                     cookies={}, auth=None, timeout=None, proxies=None, verify=False,                     debug=0 </msg>
<arg>${session_name}</arg>
<arg>${BASE_URL}</arg>
<doc>Create Session: create a HTTP session to a server</doc>
<status status="PASS" start="2026-04-09T12:50:36.307389" elapsed="0.000327"/>
</kw>
<status status="PASS" start="2026-04-09T12:50:36.306881" elapsed="0.000910"/>
</kw>
<kw name="Get All Users" owner="EmployeeAPI">
<kw name="GET On Session" owner="RequestsLibrary">
<msg time="2026-04-09T12:50:36.391265" level="INFO">GET Request : url=http://jsonplaceholder.typicode.com/users 
 path_url=/users 
 headers={'User-Agent': 'python-requests/2.33.1', 'Accept-Encoding': 'gzip, deflate, zstd', 'Accept': '*/*', 'Connection': 'keep-alive'} 
 body=None 
 </msg>
<msg time="2026-04-09T12:50:36.391492" level="INFO">GET Response : url=http://jsonplaceholder.typicode.com/users 
 status=200, reason=OK 
 headers={'Date': 'Thu, 09 Apr 2026 07:20:36 GMT', 'Content-Type': 'application/json; charset=utf-8', 'Content-Length': '1847', 'Connection': 'keep-alive', 'Access-Control-Allow-Credentials': 'true', 'Cache-Control': 'max-age=43200', 'Content-Encoding': 'gzip', 'Etag': 'W/"160d-1eMSsxeJRfnVLRBmYJSbCiJZ1qQ"', 'Expires': '-1', 'Nel': '{"report_to":"heroku-nel","response_headers":["Via"],"max_age":3600,"success_fraction":0.01,"failure_fraction":0.1}', 'Pragma': 'no-cache', 'Report-To': '{"group":"heroku-nel","endpoints":[{"url":"https://nel.heroku.com/reports?s=C3kfmAam%2B%2BLmMH4I1td13JLwxFBcLilJ9HjKzJRfrsI%3D\\u0026sid=e11707d5-02a7-43ef-b45e-2cf4d2036f7d\\u0026ts=1775716998"}],"max_age":3600}', 'Reporting-Endpoints': 'heroku-nel="https://nel.heroku.com/reports?s=C3kfmAam%2B%2BLmMH4I1td13JLwxFBcLilJ9HjKzJRfrsI%3D&amp;sid=e11707d5-02a7-43ef-b45e-2cf4d2036f7d&amp;ts=1775716998"', 'Server': 'cloudflare', 'Vary': 'Origin, Accept-Encoding', 'Via': '1.1 heroku-router', 'X-Content-Type-Options': 'nosniff', 'X-Powered-By': 'Express', 'X-Ratelimit-Limit': '1000', 'X-Ratelimit-Remaining': '997', 'X-Ratelimit-Reset': '1775717033', 'Age': '2237', 'Accept-Ranges': 'bytes', 'cf-cache-status': 'HIT', 'CF-RAY': '9e97c00b6db8a2ad-BOM', 'alt-svc': 'h3=":443"; ma=86400'} 
 body=[
  {
    "id": 1,
    "name": "Leanne Graham",
    "username": "Bret",
    "email": "Sincere@april.biz",
    "address": {
      "street": "Kulas Light",
      "suite": "Apt. 556",
      "city": "Gwenborough",
      "zipcode": "92998-3874",
      "geo": {
        "lat": "-37.3159",
        "lng": "81.1496"
      }
    },
    "phone": "1-770-736-8031 x56442",
    "website": "hildegard.org",
    "company": {
      "name": "Romaguera-Crona",
      "catchPhrase": "Multi-layered client-server neural-net",
      "bs": "harness real-time e-markets"
    }
  },
  {
    "id": 2,
    "name": "Ervin Howell",
    "username": "Antonette",
    "email": "Shanna@melissa.tv",
    "address": {
      "street": "Victor Plains",
      "suite": "Suite 879",
      "city": "Wisokyburgh",
      "zipcode": "90566-7771",
      "geo": {
        "lat": "-43.9509",
        "lng": "-34.4618"
      }
    },
    "phone": "010-692-6593 x09125",
    "website": "anastasia.net",
    "company": {
      "name": "Deckow-Crist",
      "catchPhrase": "Proactive didactic contingency",
      "bs": "synergize scalable supply-chains"
    }
  },
  {
    "id": 3,
    "name": "Clementine Bauch",
    "username": "Samantha",
    "email": "Nathan@yesenia.net",
    "address": {
      "street": "Douglas Extension",
      "suite": "Suite 847",
      "city": "McKenziehaven",
      "zipcode": "59590-4157",
      "geo": {
        "lat": "-68.6102",
        "lng": "-47.0653"
      }
    },
    "phone": "1-463-123-4447",
    "website": "ramiro.info",
    "company": {
      "name": "Romaguera-Jacobson",
      "catchPhrase": "Face to face bifurcated interface",
      "bs": "e-enable strategic applications"
    }
  },
  {
    "id": 4,
    "name": "Patricia Lebsack",
    "username": "Karianne",
    "email": "Julianne.OConner@kory.org",
    "address": {
      "street": "Hoeger Mall",
      "suite": "Apt. 692",
      "city": "South Elvis",
      "zipcode": "53919-4257",
      "geo": {
        "lat": "29.4572",
        "lng": "-164.2990"
      }
    },
    "phone": "493-170-9623 x156",
    "website": "kale.biz",
    "company": {
      "name": "Robel-Corkery",
      "catchPhrase": "Multi-tiered zero tolerance productivity",
      "bs": "transition cutting-edge web services"
    }
  },
  {
    "id": 5,
    "name": "Chelsey Dietrich",
    "username": "Kamren",
    "email": "Lucio_Hettinger@annie.ca",
    "address": {
      "street": "Skiles Walks",
      "suite": "Suite 351",
      "city": "Roscoeview",
      "zipcode": "33263",
      "geo": {
        "lat": "-31.8129",
        "lng": "62.5342"
      }
    },
    "phone": "(254)954-1289",
    "website": "demarco.info",
    "company": {
      "name": "Keebler LLC",
      "catchPhrase": "User-centric fault-tolerant solution",
      "bs": "revolutionize end-to-end systems"
    }
  },
  {
    "id": 6,
    "name": "Mrs. Dennis Schulist",
    "username": "Leopoldo_Corkery",
    "email": "Karley_Dach@jasper.info",
    "address": {
      "street": "Norberto Crossing",
      "suite": "Apt. 950",
      "city": "South Christy",
      "zipcode": "23505-1337",
      "geo": {
        "lat": "-71.4197",
        "lng": "71.7478"
      }
    },
    "phone": "1-477-935-8478 x6430",
    "website": "ola.org",
    "company": {
      "name": "Considine-Lockman",
      "catchPhrase": "Synchronised bottom-line interface",
      "bs": "e-enable innovative applications"
    }
  },
  {
    "id": 7,
    "name": "Kurtis Weissnat",
    "username": "Elwyn.Skiles",
    "email": "Telly.Hoeger@billy.biz",
    "address": {
      "street": "Rex Trail",
      "suite": "Suite 280",
      "city": "Howemouth",
      "zipcode": "58804-1099",
      "geo": {
        "lat": "24.8918",
        "lng": "21.8984"
      }
    },
    "phone": "210.067.6132",
    "website": "elvis.io",
    "company": {
      "name": "Johns Group",
      "catchPhrase": "Configurable multimedia task-force",
      "bs": "generate enterprise e-tailers"
    }
  },
  {
    "id": 8,
    "name": "Nicholas Runolfsdottir V",
    "username": "Maxime_Nienow",
    "email": "Sherwood@rosamond.me",
    "address": {
      "street": "Ellsworth Summit",
      "suite": "Suite 729",
      "city": "Aliyaview",
      "zipcode": "45169",
      "geo": {
        "lat": "-14.3990",
        "lng": "-120.7677"
      }
    },
    "phone": "586.493.6943 x140",
    "website": "jacynthe.com",
    "company": {
      "name": "Abernathy Group",
      "catchPhrase": "Implemented secondary concept",
      "bs": "e-enable extensible e-tailers"
    }
  },
  {
    "id": 9,
    "name": "Glenna Reichert",
    "username": "Delphine",
    "email": "Chaim_McDermott@dana.io",
    "address": {
      "street": "Dayna Park",
      "suite": "Suite 449",
      "city": "Bartholomebury",
      "zipcode": "76495-3109",
      "geo": {
        "lat": "24.6463",
        "lng": "-168.8889"
      }
    },
    "phone": "(775)976-6794 x41206",
    "website": "conrad.com",
    "company": {
      "name": "Yost and Sons",
      "catchPhrase": "Switchable contextually-based project",
      "bs": "aggregate real-time technologies"
    }
  },
  {
    "id": 10,
    "name": "Clementina DuBuque",
    "username": "Moriah.Stanton",
    "email": "Rey.Padberg@karina.biz",
    "address": {
      "street": "Kattie Turnpike",
      "suite": "Suite 198",
      "city": "Lebsackbury",
      "zipcode": "31428-2261",
      "geo": {
        "lat": "-38.2386",
        "lng": "57.2232"
      }
    },
    "phone": "024-648-3804",
    "website": "ambrose.net",
    "company": {
      "name": "Hoeger LLC",
      "catchPhrase": "Centralized empowering task-force",
      "bs": "target end-to-end models"
    }
  }
] 
 </msg>
<msg time="2026-04-09T12:50:36.391832" level="INFO">${response} = &lt;Response [200]&gt;</msg>
<var>${response}</var>
<arg>${session_name}</arg>
<arg>${ENDPOINT_ALL}</arg>
<doc>Sends a GET request on a previously created HTTP Session.</doc>
<status status="PASS" start="2026-04-09T12:50:36.308455" elapsed="0.083416"/>
</kw>
<return>
<value>${response}</value>
<status status="PASS" start="2026-04-09T12:50:36.391972" elapsed="0.000070"/>
</return>
<msg time="2026-04-09T12:50:36.392243" level="INFO">${response} = &lt;Response [200]&gt;</msg>
<var>${response}</var>
<status status="PASS" start="2026-04-09T12:50:36.308224" elapsed="0.084052"/>
</kw>
<kw name="Should Be Equal As Integers" owner="BuiltIn">
<msg time="2026-04-09T12:50:36.393520" level="INFO">Argument types are:
&lt;class 'int'&gt;
&lt;class 'str'&gt;</msg>
<arg>${response.status_code}</arg>
<arg>200</arg>
<doc>Fails if objects are unequal after converting them to integers.</doc>
<status status="PASS" start="2026-04-09T12:50:36.392773" elapsed="0.000821"/>
</kw>
<kw name="Log" owner="BuiltIn">
<msg time="2026-04-09T12:50:36.394572" level="INFO">[{'id': 1, 'name': 'Leanne Graham', 'username': 'Bret', 'email': 'Sincere@april.biz', 'address': {'street': 'Kulas Light', 'suite': 'Apt. 556', 'city': 'Gwenborough', 'zipcode': '92998-3874', 'geo': {'lat': '-37.3159', 'lng': '81.1496'}}, 'phone': '1-770-736-8031 x56442', 'website': 'hildegard.org', 'company': {'name': 'Romaguera-Crona', 'catchPhrase': 'Multi-layered client-server neural-net', 'bs': 'harness real-time e-markets'}}, {'id': 2, 'name': 'Ervin Howell', 'username': 'Antonette', 'email': 'Shanna@melissa.tv', 'address': {'street': 'Victor Plains', 'suite': 'Suite 879', 'city': 'Wisokyburgh', 'zipcode': '90566-7771', 'geo': {'lat': '-43.9509', 'lng': '-34.4618'}}, 'phone': '010-692-6593 x09125', 'website': 'anastasia.net', 'company': {'name': 'Deckow-Crist', 'catchPhrase': 'Proactive didactic contingency', 'bs': 'synergize scalable supply-chains'}}, {'id': 3, 'name': 'Clementine Bauch', 'username': 'Samantha', 'email': 'Nathan@yesenia.net', 'address': {'street': 'Douglas Extension', 'suite': 'Suite 847', 'city': 'McKenziehaven', 'zipcode': '59590-4157', 'geo': {'lat': '-68.6102', 'lng': '-47.0653'}}, 'phone': '1-463-123-4447', 'website': 'ramiro.info', 'company': {'name': 'Romaguera-Jacobson', 'catchPhrase': 'Face to face bifurcated interface', 'bs': 'e-enable strategic applications'}}, {'id': 4, 'name': 'Patricia Lebsack', 'username': 'Karianne', 'email': 'Julianne.OConner@kory.org', 'address': {'street': 'Hoeger Mall', 'suite': 'Apt. 692', 'city': 'South Elvis', 'zipcode': '53919-4257', 'geo': {'lat': '29.4572', 'lng': '-164.2990'}}, 'phone': '493-170-9623 x156', 'website': 'kale.biz', 'company': {'name': 'Robel-Corkery', 'catchPhrase': 'Multi-tiered zero tolerance productivity', 'bs': 'transition cutting-edge web services'}}, {'id': 5, 'name': 'Chelsey Dietrich', 'username': 'Kamren', 'email': 'Lucio_Hettinger@annie.ca', 'address': {'street': 'Skiles Walks', 'suite': 'Suite 351', 'city': 'Roscoeview', 'zipcode': '33263', 'geo': {'lat': '-31.8129', 'lng': '62.5342'}}, 'phone': '(254)954-1289', 'website': 'demarco.info', 'company': {'name': 'Keebler LLC', 'catchPhrase': 'User-centric fault-tolerant solution', 'bs': 'revolutionize end-to-end systems'}}, {'id': 6, 'name': 'Mrs. Dennis Schulist', 'username': 'Leopoldo_Corkery', 'email': 'Karley_Dach@jasper.info', 'address': {'street': 'Norberto Crossing', 'suite': 'Apt. 950', 'city': 'South Christy', 'zipcode': '23505-1337', 'geo': {'lat': '-71.4197', 'lng': '71.7478'}}, 'phone': '1-477-935-8478 x6430', 'website': 'ola.org', 'company': {'name': 'Considine-Lockman', 'catchPhrase': 'Synchronised bottom-line interface', 'bs': 'e-enable innovative applications'}}, {'id': 7, 'name': 'Kurtis Weissnat', 'username': 'Elwyn.Skiles', 'email': 'Telly.Hoeger@billy.biz', 'address': {'street': 'Rex Trail', 'suite': 'Suite 280', 'city': 'Howemouth', 'zipcode': '58804-1099', 'geo': {'lat': '24.8918', 'lng': '21.8984'}}, 'phone': '210.067.6132', 'website': 'elvis.io', 'company': {'name': 'Johns Group', 'catchPhrase': 'Configurable multimedia task-force', 'bs': 'generate enterprise e-tailers'}}, {'id': 8, 'name': 'Nicholas Runolfsdottir V', 'username': 'Maxime_Nienow', 'email': 'Sherwood@rosamond.me', 'address': {'street': 'Ellsworth Summit', 'suite': 'Suite 729', 'city': 'Aliyaview', 'zipcode': '45169', 'geo': {'lat': '-14.3990', 'lng': '-120.7677'}}, 'phone': '586.493.6943 x140', 'website': 'jacynthe.com', 'company': {'name': 'Abernathy Group', 'catchPhrase': 'Implemented secondary concept', 'bs': 'e-enable extensible e-tailers'}}, {'id': 9, 'name': 'Glenna Reichert', 'username': 'Delphine', 'email': 'Chaim_McDermott@dana.io', 'address': {'street': 'Dayna Park', 'suite': 'Suite 449', 'city': 'Bartholomebury', 'zipcode': '76495-3109', 'geo': {'lat': '24.6463', 'lng': '-168.8889'}}, 'phone': '(775)976-6794 x41206', 'website': 'conrad.com', 'company': {'name': 'Yost and Sons', 'catchPhrase': 'Switchable contextually-based project', 'bs': 'aggregate real-time technologies'}}, {'id': 10, 'name': 'Clementina DuBuque', 'username': 'Moriah.Stanton', 'email': 'Rey.Padberg@karina.biz', 'address': {'street': 'Kattie Turnpike', 'suite': 'Suite 198', 'city': 'Lebsackbury', 'zipcode': '31428-2261', 'geo': {'lat': '-38.2386', 'lng': '57.2232'}}, 'phone': '024-648-3804', 'website': 'ambrose.net', 'company': {'name': 'Hoeger LLC', 'catchPhrase': 'Centralized empowering task-force', 'bs': 'target end-to-end models'}}]</msg>
<arg>${response.json()}</arg>
<doc>Logs the given message with the given level.</doc>
<status status="PASS" start="2026-04-09T12:50:36.393989" elapsed="0.000645"/>
</kw>
<status status="PASS" start="2026-04-09T12:50:36.306191" elapsed="0.088819"/>
</test>
<test id="s1-t2" name="Verify Get User By ID" line="11">
<kw name="Init API Session" owner="EmployeeAPI">
<kw name="Create Session" owner="RequestsLibrary">
<msg time="2026-04-09T12:50:36.396935" level="INFO">Creating Session using : alias=api, url=http://jsonplaceholder.typicode.com, headers={},                     cookies={}, auth=None, timeout=None, proxies=None, verify=False,                     debug=0 </msg>
<arg>${session_name}</arg>
<arg>${BASE_URL}</arg>
<doc>Create Session: create a HTTP session to a server</doc>
<status status="PASS" start="2026-04-09T12:50:36.396826" elapsed="0.000233"/>
</kw>
<status status="PASS" start="2026-04-09T12:50:36.396619" elapsed="0.000488"/>
</kw>
<kw name="Get User By ID" owner="EmployeeAPI">
<kw name="GET On Session" owner="RequestsLibrary">
<msg time="2026-04-09T12:50:36.457043" level="INFO">GET Request : url=http://jsonplaceholder.typicode.com/users/1 
 path_url=/users/1 
 headers={'User-Agent': 'python-requests/2.33.1', 'Accept-Encoding': 'gzip, deflate, zstd', 'Accept': '*/*', 'Connection': 'keep-alive'} 
 body=None 
 </msg>
<msg time="2026-04-09T12:50:36.457139" level="INFO">GET Response : url=http://jsonplaceholder.typicode.com/users/1 
 status=200, reason=OK 
 headers={'Date': 'Thu, 09 Apr 2026 07:20:36 GMT', 'Content-Type': 'application/json; charset=utf-8', 'Transfer-Encoding': 'chunked', 'Connection': 'keep-alive', 'Access-Control-Allow-Credentials': 'true', 'Cache-Control': 'max-age=43200', 'Etag': 'W/"1fd-+2Y3G3w049iSZtw5t1mzSnunngE"', 'Expires': '-1', 'Nel': '{"report_to":"heroku-nel","response_headers":["Via"],"max_age":3600,"success_fraction":0.01,"failure_fraction":0.1}', 'Pragma': 'no-cache', 'Report-To': '{"group":"heroku-nel","endpoints":[{"url":"https://nel.heroku.com/reports?s=P2hWy0K5krV6HZV1zd6bUB3TODihd6pRVcpR6mTNjU4%3D\\u0026sid=e11707d5-02a7-43ef-b45e-2cf4d2036f7d\\u0026ts=1775713384"}],"max_age":3600}', 'Reporting-Endpoints': 'heroku-nel="https://nel.heroku.com/reports?s=P2hWy0K5krV6HZV1zd6bUB3TODihd6pRVcpR6mTNjU4%3D&amp;sid=e11707d5-02a7-43ef-b45e-2cf4d2036f7d&amp;ts=1775713384"', 'Server': 'cloudflare', 'Vary': 'Origin, Accept-Encoding', 'Via': '1.1 heroku-router', 'X-Content-Type-Options': 'nosniff', 'X-Powered-By': 'Express', 'X-Ratelimit-Limit': '1000', 'X-Ratelimit-Remaining': '998', 'X-Ratelimit-Reset': '1775713433', 'Age': '5852', 'cf-cache-status': 'HIT', 'Content-Encoding': 'zstd', 'CF-RAY': '9e97c00bbaa564e9-BOM', 'alt-svc': 'h3=":443"; ma=86400'} 
 body={
  "id": 1,
  "name": "Leanne Graham",
  "username": "Bret",
  "email": "Sincere@april.biz",
  "address": {
    "street": "Kulas Light",
    "suite": "Apt. 556",
    "city": "Gwenborough",
    "zipcode": "92998-3874",
    "geo": {
      "lat": "-37.3159",
      "lng": "81.1496"
    }
  },
  "phone": "1-770-736-8031 x56442",
  "website": "hildegard.org",
  "company": {
    "name": "Romaguera-Crona",
    "catchPhrase": "Multi-layered client-server neural-net",
    "bs": "harness real-time e-markets"
  }
} 
 </msg>
<msg time="2026-04-09T12:50:36.457308" level="INFO">${response} = &lt;Response [200]&gt;</msg>
<var>${response}</var>
<arg>${session_name}</arg>
<arg>${ENDPOINT_ID}</arg>
<doc>Sends a GET request on a previously created HTTP Session.</doc>
<status status="PASS" start="2026-04-09T12:50:36.397774" elapsed="0.059557"/>
</kw>
<return>
<value>${response}</value>
<status status="PASS" start="2026-04-09T12:50:36.457402" elapsed="0.000046"/>
</return>
<msg time="2026-04-09T12:50:36.457556" level="INFO">${response} = &lt;Response [200]&gt;</msg>
<var>${response}</var>
<status status="PASS" start="2026-04-09T12:50:36.397571" elapsed="0.060002"/>
</kw>
<kw name="Should Be Equal As Integers" owner="BuiltIn">
<msg time="2026-04-09T12:50:36.458596" level="INFO">Argument types are:
&lt;class 'int'&gt;
&lt;class 'str'&gt;</msg>
<arg>${response.status_code}</arg>
<arg>200</arg>
<doc>Fails if objects are unequal after converting them to integers.</doc>
<status status="PASS" start="2026-04-09T12:50:36.458018" elapsed="0.000651"/>
</kw>
<kw name="Log" owner="BuiltIn">
<msg time="2026-04-09T12:50:36.459603" level="INFO">{'id': 1, 'name': 'Leanne Graham', 'username': 'Bret', 'email': 'Sincere@april.biz', 'address': {'street': 'Kulas Light', 'suite': 'Apt. 556', 'city': 'Gwenborough', 'zipcode': '92998-3874', 'geo': {'lat': '-37.3159', 'lng': '81.1496'}}, 'phone': '1-770-736-8031 x56442', 'website': 'hildegard.org', 'company': {'name': 'Romaguera-Crona', 'catchPhrase': 'Multi-layered client-server neural-net', 'bs': 'harness real-time e-markets'}}</msg>
<arg>${response.json()}</arg>
<doc>Logs the given message with the given level.</doc>
<status status="PASS" start="2026-04-09T12:50:36.459108" elapsed="0.000536"/>
</kw>
<status status="PASS" start="2026-04-09T12:50:36.396004" elapsed="0.063977"/>
</test>
<test id="s1-t3" name="Verify Create User" line="16">
<kw name="Init API Session" owner="EmployeeAPI">
<kw name="Create Session" owner="RequestsLibrary">
<msg time="2026-04-09T12:50:36.461643" level="INFO">Creating Session using : alias=api, url=http://jsonplaceholder.typicode.com, headers={},                     cookies={}, auth=None, timeout=None, proxies=None, verify=False,                     debug=0 </msg>
<arg>${session_name}</arg>
<arg>${BASE_URL}</arg>
<doc>Create Session: create a HTTP session to a server</doc>
<status status="PASS" start="2026-04-09T12:50:36.461517" elapsed="0.000246"/>
</kw>
<status status="PASS" start="2026-04-09T12:50:36.461303" elapsed="0.000541"/>
</kw>
<kw name="Create Dictionary" owner="BuiltIn">
<msg time="2026-04-09T12:50:36.462529" level="INFO">${data} = {'name': 'John Doe', 'username': 'johndoe', 'email': 'john@example.com'}</msg>
<var>${data}</var>
<arg>name=John Doe</arg>
<arg>username=johndoe</arg>
<arg>email=john@example.com</arg>
<doc>Creates and returns a dictionary based on the given ``items``.</doc>
<status status="PASS" start="2026-04-09T12:50:36.462104" elapsed="0.000452"/>
</kw>
<kw name="Create User" owner="EmployeeAPI">
<kw name="POST On Session" owner="RequestsLibrary">
<msg time="2026-04-09T12:50:36.935349" level="INFO">POST Request : url=http://jsonplaceholder.typicode.com/users 
 path_url=/users 
 headers={'User-Agent': 'python-requests/2.33.1', 'Accept-Encoding': 'gzip, deflate, zstd', 'Accept': '*/*', 'Connection': 'keep-alive', 'Content-Length': '72', 'Content-Type': 'application/json'} 
 body=b'{"name": "John Doe", "username": "johndoe", "email": "john@example.com"}' 
 </msg>
<msg time="2026-04-09T12:50:36.935554" level="INFO">POST Response : url=http://jsonplaceholder.typicode.com/users 
 status=201, reason=Created 
 headers={'Date': 'Thu, 09 Apr 2026 07:20:36 GMT', 'Content-Type': 'application/json; charset=utf-8', 'Content-Length': '92', 'Connection': 'keep-alive', 'Access-Control-Allow-Credentials': 'true', 'Access-Control-Expose-Headers': 'Location', 'Cache-Control': 'no-cache', 'Etag': 'W/"5c-4pgID3qZHPmVD+O5wzfs0MGP1cU"', 'Expires': '-1', 'Location': 'http://jsonplaceholder.typicode.com/users/11', 'Nel': '{"report_to":"heroku-nel","response_headers":["Via"],"max_age":3600,"success_fraction":0.01,"failure_fraction":0.1}', 'Pragma': 'no-cache', 'Report-To': '{"group":"heroku-nel","endpoints":[{"url":"https://nel.heroku.com/reports?s=iEFkGiAKXepl6Uhch%2B8o5HgA996Q3W0e9aNfCw856Z0%3D\\u0026sid=e11707d5-02a7-43ef-b45e-2cf4d2036f7d\\u0026ts=1775719236"}],"max_age":3600}', 'Reporting-Endpoints': 'heroku-nel="https://nel.heroku.com/reports?s=iEFkGiAKXepl6Uhch%2B8o5HgA996Q3W0e9aNfCw856Z0%3D&amp;sid=e11707d5-02a7-43ef-b45e-2cf4d2036f7d&amp;ts=1775719236"', 'Server': 'cloudflare', 'Vary': 'Origin, X-HTTP-Method-Override, Accept-Encoding', 'Via': '1.1 heroku-router', 'X-Content-Type-Options': 'nosniff', 'X-Powered-By': 'Express', 'X-Ratelimit-Limit': '1000', 'X-Ratelimit-Remaining': '998', 'X-Ratelimit-Reset': '1775719253', 'cf-cache-status': 'DYNAMIC', 'CF-RAY': '9e97c00c0da32e2c-BOM', 'alt-svc': 'h3=":443"; ma=86400'} 
 body={
  "name": "John Doe",
  "username": "johndoe",
  "email": "john@example.com",
  "id": 11
} 
 </msg>
<msg time="2026-04-09T12:50:36.935813" level="INFO">${response} = &lt;Response [201]&gt;</msg>
<var>${response}</var>
<arg>${session_name}</arg>
<arg>${ENDPOINT_ALL}</arg>
<arg>json=${data}</arg>
<doc>Sends a POST request on a previously created HTTP Session.</doc>
<status status="PASS" start="2026-04-09T12:50:36.463282" elapsed="0.472586"/>
</kw>
<return>
<value>${response}</value>
<status status="PASS" start="2026-04-09T12:50:36.936010" elapsed="0.000076"/>
</return>
<msg time="2026-04-09T12:50:36.936426" level="INFO">${response} = &lt;Response [201]&gt;</msg>
<var>${response}</var>
<arg>${data}</arg>
<status status="PASS" start="2026-04-09T12:50:36.463026" elapsed="0.473482"/>
</kw>
<kw name="Should Be Equal As Integers" owner="BuiltIn">
<msg time="2026-04-09T12:50:36.938630" level="INFO">Argument types are:
&lt;class 'int'&gt;
&lt;class 'str'&gt;</msg>
<arg>${response.status_code}</arg>
<arg>201</arg>
<doc>Fails if objects are unequal after converting them to integers.</doc>
<status status="PASS" start="2026-04-09T12:50:36.937332" elapsed="0.001491"/>
</kw>
<kw name="Log" owner="BuiltIn">
<msg time="2026-04-09T12:50:36.940893" level="INFO">{'name': 'John Doe', 'username': 'johndoe', 'email': 'john@example.com', 'id': 11}</msg>
<arg>${response.json()}</arg>
<doc>Logs the given message with the given level.</doc>
<status status="PASS" start="2026-04-09T12:50:36.939449" elapsed="0.001557"/>
</kw>
<status status="PASS" start="2026-04-09T12:50:36.460776" elapsed="0.481084"/>
</test>
<test id="s1-t4" name="Verify Update User" line="22">
<kw name="Init API Session" owner="EmployeeAPI">
<kw name="Create Session" owner="RequestsLibrary">
<msg time="2026-04-09T12:50:36.944865" level="INFO">Creating Session using : alias=api, url=http://jsonplaceholder.typicode.com, headers={},                     cookies={}, auth=None, timeout=None, proxies=None, verify=False,                     debug=0 </msg>
<arg>${session_name}</arg>
<arg>${BASE_URL}</arg>
<doc>Create Session: create a HTTP session to a server</doc>
<status status="PASS" start="2026-04-09T12:50:36.944715" elapsed="0.000279"/>
</kw>
<status status="PASS" start="2026-04-09T12:50:36.944439" elapsed="0.000608"/>
</kw>
<kw name="Create Dictionary" owner="BuiltIn">
<msg time="2026-04-09T12:50:36.945703" level="INFO">${data} = {'name': 'Jane Doe', 'username': 'janedoe', 'email': 'jane@example.com'}</msg>
<var>${data}</var>
<arg>name=Jane Doe</arg>
<arg>username=janedoe</arg>
<arg>email=jane@example.com</arg>
<doc>Creates and returns a dictionary based on the given ``items``.</doc>
<status status="PASS" start="2026-04-09T12:50:36.945330" elapsed="0.000399"/>
</kw>
<kw name="Update User" owner="EmployeeAPI">
<kw name="PUT On Session" owner="RequestsLibrary">
<msg time="2026-04-09T12:50:37.475534" level="INFO">PUT Request : url=http://jsonplaceholder.typicode.com/users/1 
 path_url=/users/1 
 headers={'User-Agent': 'python-requests/2.33.1', 'Accept-Encoding': 'gzip, deflate, zstd', 'Accept': '*/*', 'Connection': 'keep-alive', 'Content-Length': '72', 'Content-Type': 'application/json'} 
 body=b'{"name": "Jane Doe", "username": "janedoe", "email": "jane@example.com"}' 
 </msg>
<msg time="2026-04-09T12:50:37.475760" level="INFO">PUT Response : url=http://jsonplaceholder.typicode.com/users/1 
 status=200, reason=OK 
 headers={'Date': 'Thu, 09 Apr 2026 07:20:37 GMT', 'Content-Type': 'application/json; charset=utf-8', 'Transfer-Encoding': 'chunked', 'Connection': 'keep-alive', 'Access-Control-Allow-Credentials': 'true', 'Cache-Control': 'no-cache', 'Etag': 'W/"5b-EiFoPKM368O8BLZngNsg7uJrC3E"', 'Expires': '-1', 'Nel': '{"report_to":"heroku-nel","response_headers":["Via"],"max_age":3600,"success_fraction":0.01,"failure_fraction":0.1}', 'Pragma': 'no-cache', 'Report-To': '{"group":"heroku-nel","endpoints":[{"url":"https://nel.heroku.com/reports?s=YJKtDmSGpP4mek%2FHZHlf%2FN2arWAlHiKnJ6wtHhanP9s%3D\\u0026sid=e11707d5-02a7-43ef-b45e-2cf4d2036f7d\\u0026ts=1775719237"}],"max_age":3600}', 'Reporting-Endpoints': 'heroku-nel="https://nel.heroku.com/reports?s=YJKtDmSGpP4mek%2FHZHlf%2FN2arWAlHiKnJ6wtHhanP9s%3D&amp;sid=e11707d5-02a7-43ef-b45e-2cf4d2036f7d&amp;ts=1775719237"', 'Server': 'cloudflare', 'Vary': 'Origin, Accept-Encoding', 'Via': '1.1 heroku-router', 'X-Content-Type-Options': 'nosniff', 'X-Powered-By': 'Express', 'X-Ratelimit-Limit': '1000', 'X-Ratelimit-Remaining': '997', 'X-Ratelimit-Reset': '1775719253', 'cf-cache-status': 'DYNAMIC', 'Content-Encoding': 'zstd', 'CF-RAY': '9e97c00f0f5c88ea-BOM', 'alt-svc': 'h3=":443"; ma=86400'} 
 body={
  "name": "Jane Doe",
  "username": "janedoe",
  "email": "jane@example.com",
  "id": 1
} 
 </msg>
<msg time="2026-04-09T12:50:37.476014" level="INFO">${response} = &lt;Response [200]&gt;</msg>
<var>${response}</var>
<arg>${session_name}</arg>
<arg>/users/${user_id}</arg>
<arg>json=${data}</arg>
<doc>Sends a PUT request on a previously created HTTP Session.</doc>
<status status="PASS" start="2026-04-09T12:50:36.946385" elapsed="0.529712"/>
</kw>
<return>
<value>${response}</value>
<status status="PASS" start="2026-04-09T12:50:37.476230" elapsed="0.000073"/>
</return>
<msg time="2026-04-09T12:50:37.476559" level="INFO">${response} = &lt;Response [200]&gt;</msg>
<var>${response}</var>
<arg>${data}</arg>
<arg>1</arg>
<status status="PASS" start="2026-04-09T12:50:36.946054" elapsed="0.530555"/>
</kw>
<kw name="Should Be Equal As Integers" owner="BuiltIn">
<msg time="2026-04-09T12:50:37.478557" level="INFO">Argument types are:
&lt;class 'int'&gt;
&lt;class 'str'&gt;</msg>
<arg>${response.status_code}</arg>
<arg>200</arg>
<doc>Fails if objects are unequal after converting them to integers.</doc>
<status status="PASS" start="2026-04-09T12:50:37.477384" elapsed="0.001290"/>
</kw>
<kw name="Log" owner="BuiltIn">
<msg time="2026-04-09T12:50:37.480714" level="INFO">{'name': 'Jane Doe', 'username': 'janedoe', 'email': 'jane@example.com', 'id': 1}</msg>
<arg>${response.json()}</arg>
<doc>Logs the given message with the given level.</doc>
<status status="PASS" start="2026-04-09T12:50:37.479438" elapsed="0.001377"/>
</kw>
<status status="PASS" start="2026-04-09T12:50:36.943572" elapsed="0.538026"/>
</test>
<test id="s1-t5" name="Verify Delete User" line="28">
<kw name="Init API Session" owner="EmployeeAPI">
<kw name="Create Session" owner="RequestsLibrary">
<msg time="2026-04-09T12:50:37.484888" level="INFO">Creating Session using : alias=api, url=http://jsonplaceholder.typicode.com, headers={},                     cookies={}, auth=None, timeout=None, proxies=None, verify=False,                     debug=0 </msg>
<arg>${session_name}</arg>
<arg>${BASE_URL}</arg>
<doc>Create Session: create a HTTP session to a server</doc>
<status status="PASS" start="2026-04-09T12:50:37.484654" elapsed="0.000466"/>
</kw>
<status status="PASS" start="2026-04-09T12:50:37.484189" elapsed="0.001040"/>
</kw>
<kw name="Delete User" owner="EmployeeAPI">
<kw name="DELETE On Session" owner="RequestsLibrary">
<msg time="2026-04-09T12:50:37.931500" level="INFO">DELETE Request : url=http://jsonplaceholder.typicode.com/users/1 
 path_url=/users/1 
 headers={'User-Agent': 'python-requests/2.33.1', 'Accept-Encoding': 'gzip, deflate, zstd', 'Accept': '*/*', 'Connection': 'keep-alive', 'Content-Length': '0'} 
 body=None 
 </msg>
<msg time="2026-04-09T12:50:37.931690" level="INFO">DELETE Response : url=http://jsonplaceholder.typicode.com/users/1 
 status=200, reason=OK 
 headers={'Date': 'Thu, 09 Apr 2026 07:20:37 GMT', 'Content-Type': 'application/json; charset=utf-8', 'Content-Length': '2', 'Connection': 'keep-alive', 'Access-Control-Allow-Credentials': 'true', 'Cache-Control': 'no-cache', 'Etag': 'W/"2-vyGp6PvFo4RvsFtPoIWeCReyIC8"', 'Expires': '-1', 'Nel': '{"report_to":"heroku-nel","response_headers":["Via"],"max_age":3600,"success_fraction":0.01,"failure_fraction":0.1}', 'Pragma': 'no-cache', 'Report-To': '{"group":"heroku-nel","endpoints":[{"url":"https://nel.heroku.com/reports?s=YJKtDmSGpP4mek%2FHZHlf%2FN2arWAlHiKnJ6wtHhanP9s%3D\\u0026sid=e11707d5-02a7-43ef-b45e-2cf4d2036f7d\\u0026ts=1775719237"}],"max_age":3600}', 'Reporting-Endpoints': 'heroku-nel="https://nel.heroku.com/reports?s=YJKtDmSGpP4mek%2FHZHlf%2FN2arWAlHiKnJ6wtHhanP9s%3D&amp;sid=e11707d5-02a7-43ef-b45e-2cf4d2036f7d&amp;ts=1775719237"', 'Server': 'cloudflare', 'Vary': 'Origin, Accept-Encoding', 'Via': '1.1 heroku-router', 'X-Content-Type-Options': 'nosniff', 'X-Powered-By': 'Express', 'X-Ratelimit-Limit': '1000', 'X-Ratelimit-Remaining': '996', 'X-Ratelimit-Reset': '1775719253', 'cf-cache-status': 'DYNAMIC', 'CF-RAY': '9e97c01288a57adf-BOM', 'alt-svc': 'h3=":443"; ma=86400'} 
 body={} 
 </msg>
<msg time="2026-04-09T12:50:37.931930" level="INFO">${response} = &lt;Response [200]&gt;</msg>
<var>${response}</var>
<arg>${session_name}</arg>
<arg>/users/${user_id}</arg>
<doc>Sends a DELETE request on a previously created HTTP Session.</doc>
<status status="PASS" start="2026-04-09T12:50:37.486381" elapsed="0.445601"/>
</kw>
<return>
<value>${response}</value>
<status status="PASS" start="2026-04-09T12:50:37.932131" elapsed="0.000076"/>
</return>
<msg time="2026-04-09T12:50:37.932470" level="INFO">${response} = &lt;Response [200]&gt;</msg>
<var>${response}</var>
<arg>1</arg>
<status status="PASS" start="2026-04-09T12:50:37.485934" elapsed="0.446639"/>
</kw>
<kw name="Should Be Equal As Integers" owner="BuiltIn">
<msg time="2026-04-09T12:50:37.934588" level="INFO">Argument types are:
&lt;class 'int'&gt;
&lt;class 'str'&gt;</msg>
<arg>${response.status_code}</arg>
<arg>200</arg>
<doc>Fails if objects are unequal after converting them to integers.</doc>
<status status="PASS" start="2026-04-09T12:50:37.933351" elapsed="0.001361"/>
</kw>
<kw name="Log" owner="BuiltIn">
<msg time="2026-04-09T12:50:37.936605" level="INFO">{}</msg>
<arg>${response.json()}</arg>
<doc>Logs the given message with the given level.</doc>
<status status="PASS" start="2026-04-09T12:50:37.935434" elapsed="0.001272"/>
</kw>
<status status="PASS" start="2026-04-09T12:50:37.483054" elapsed="0.454476"/>
</test>
<status status="PASS" start="2026-04-09T12:50:35.874372" elapsed="2.065343"/>
</suite>
<statistics>
<total>
<stat pass="5" fail="0" skip="0">All Tests</stat>
</total>
<tag>
</tag>
<suite>
<stat name="Test Employee" id="s1" pass="5" fail="0" skip="0">Test Employee</stat>
</suite>
</statistics>
<errors>
</errors>
</robot>
